<?xml version="1.0" encoding="UTF-8"?>
<!-- Generated by org.testng.reporters.JUnitXMLReporter -->
<testsuite hostname="EliteBook850-PC" ignored="0" name="Test" tests="9" failures="1" timestamp="01 Jun 2019 18:29:14 GMT" time="0.162" errors="0">
  <testcase name="f" time="0.012" classname="com.testing.Testing1"/>
  <testcase name="f" time="0.004" classname="com.testing.Testing1"/>
  <testcase name="test1" time="0.004" classname="com.testing.Testing1"/>
  <testcase name="test2" time="0.004" classname="com.testing.Testing1"/>
  <testcase name="test3" time="0.003" classname="com.testing.Testing2"/>
  <testcase name="test4" time="0.002" classname="com.testing.Testing2"/>
  <testcase name="homeTest" time="0.007" classname="com.testing.Testing3"/>
  <testcase name="mainTest" time="0.005" classname="com.testing.Testing3">
    <failure type="java.lang.AssertionError" message="The following asserts failed:
	Verifying Element expected [true] but found [false]">
      <![CDATA[java.lang.AssertionError: The following asserts failed:
Verifying Element expected [true] but found [false]
at com.testing.Testing3.mainTest(Testing3.java:24)
... Removed 26 stack frames]]>
    </failure>
  </testcase> <!-- mainTest -->
  <testcase name="endTest" time="0.0" classname="com.testing.Testing3">
    <skipped/>
  </testcase> <!-- endTest -->
</testsuite> <!-- Test -->
